<?xml version="1.0" encoding="UTF-8"?>
<testng-results ignored="0" total="1" passed="1" failed="0" skipped="0">
  <reporter-output>
  </reporter-output>
  <suite started-at="2025-05-18T09:16:00 IST" name="Default suite" finished-at="2025-05-18T09:16:15 IST" duration-ms="14063">
    <groups>
    </groups>
    <test started-at="2025-05-18T09:16:00 IST" name="Default test" finished-at="2025-05-18T09:16:15 IST" duration-ms="14063">
      <class name="com.sf.tests.LoginTest">
        <test-method is-config="true" signature="setUp()[pri:0, instance:com.sf.tests.LoginTest@73a1e9a9]" started-at="2025-05-18T09:16:01 IST" name="setUp" finished-at="2025-05-18T09:16:02 IST" duration-ms="1512" status="PASS">
          <reporter-output>
          </reporter-output>
        </test-method> <!-- setUp -->
        <test-method signature="testLogin()[pri:0, instance:com.sf.tests.LoginTest@73a1e9a9]" started-at="2025-05-18T09:16:02 IST" name="testLogin" finished-at="2025-05-18T09:16:15 IST" duration-ms="12511" status="PASS">
          <reporter-output>
          </reporter-output>
        </test-method> <!-- testLogin -->
      </class> <!-- com.sf.tests.LoginTest -->
    </test> <!-- Default test -->
  </suite> <!-- Default suite -->
</testng-results>
