<?xml version="1.0" encoding="UTF-8"?>
<testng-results ignored="0" total="1" passed="1" failed="0" skipped="0">
  <reporter-output>
  </reporter-output>
  <suite started-at="2025-05-14T16:56:50 IST" name="Default suite" finished-at="2025-05-14T16:57:03 IST" duration-ms="12393">
    <groups>
    </groups>
    <test started-at="2025-05-14T16:56:50 IST" name="Default test" finished-at="2025-05-14T16:57:03 IST" duration-ms="12393">
      <class name="com.CF.tests.LoginTest">
        <test-method is-config="true" signature="setUp()[pri:0, instance:com.CF.tests.LoginTest@73a1e9a9]" started-at="2025-05-14T16:56:50 IST" name="setUp" finished-at="2025-05-14T16:56:52 IST" duration-ms="1569" status="PASS">
          <reporter-output>
          </reporter-output>
        </test-method> <!-- setUp -->
        <test-method signature="verifyAccountNavigation()[pri:0, instance:com.CF.tests.LoginTest@73a1e9a9]" started-at="2025-05-14T16:56:52 IST" name="verifyAccountNavigation" finished-at="2025-05-14T16:57:03 IST" duration-ms="10784" status="PASS">
          <reporter-output>
          </reporter-output>
        </test-method> <!-- verifyAccountNavigation -->
      </class> <!-- com.CF.tests.LoginTest -->
    </test> <!-- Default test -->
  </suite> <!-- Default suite -->
</testng-results>
